TN:
SF:src/presentation/controllers/signup/signup-protocols.ts
FNF:0
FNH:0
DA:1,0
DA:2,0
DA:3,0
DA:4,0
LF:4
LH:0
BRF:0
BRH:0
end_of_record
TN:
SF:src/presentation/controllers/signup/signup.ts
FN:10,(anonymous_0)
FN:15,(anonymous_1)
FNF:2
FNH:2
FNDA:9,(anonymous_0)
FNDA:9,(anonymous_1)
DA:2,1
DA:3,1
DA:5,1
DA:11,9
DA:12,9
DA:16,9
DA:17,9
DA:18,30
DA:19,4
DA:22,5
DA:23,5
DA:24,1
DA:26,4
DA:27,3
DA:28,1
DA:30,2
DA:37,1
LF:17
LH:17
BRDA:18,0,0,4
BRDA:18,0,1,26
BRDA:23,1,0,1
BRDA:23,1,1,4
BRDA:27,2,0,1
BRDA:27,2,1,2
BRF:6
BRH:6
end_of_record
TN:
SF:src/presentation/errors/index.ts
FNF:0
FNH:0
DA:1,1
DA:2,1
DA:3,1
LF:3
LH:3
BRF:0
BRH:0
end_of_record
TN:
SF:src/presentation/protocols/index.ts
FNF:0
FNH:0
DA:1,0
DA:2,0
LF:2
LH:0
BRF:0
BRH:0
end_of_record
